<?xml version="1.0" encoding="UTF-8"?>
<!-- Generated by org.testng.reporters.JUnitReportReporter -->
<testsuite hostname="Orange-PC" name="qsp.DemoB" tests="1" failures="0" timestamp="23 Dec 2017 16:07:22 GMT" time="0.003" errors="0">
  <testcase name="testB" time="0.003" classname="qsp.DemoB"/>
</testsuite> <!-- qsp.DemoB -->
