<?xml version="1.0" encoding="UTF-8"?>
<!-- Generated by org.testng.reporters.JUnitReportReporter -->
<testsuite hostname="Orange-PC" name="qsp.DemoA" tests="1" failures="0" timestamp="23 Dec 2017 16:07:22 GMT" time="0.019" errors="0">
  <testcase name="testA" time="0.019" classname="qsp.DemoA"/>
</testsuite> <!-- qsp.DemoA -->
